[Parent 11107, Main Thread] WARNING: firefox has no capability of surrounding-text feature: 'glib warning', file /builds/worker/checkouts/gecko/toolkit/xre/nsSigHandlers.cpp:187

(firefox:11107): IBUS-WARNING **: 19:56:18.044: firefox has no capability of surrounding-text feature
[Parent 11107, Main Thread] WARNING: firefox has no capability of surrounding-text feature: 'glib warning', file /builds/worker/checkouts/gecko/toolkit/xre/nsSigHandlers.cpp:187

(firefox:11107): IBUS-WARNING **: 19:56:18.107: firefox has no capability of surrounding-text feature
[Parent 11107, Main Thread] WARNING: firefox has no capability of surrounding-text feature: 'glib warning', file /builds/worker/checkouts/gecko/toolkit/xre/nsSigHandlers.cpp:187

(firefox:11107): IBUS-WARNING **: 19:56:18.244: firefox has no capability of surrounding-text feature
[Parent 11107, Main Thread] WARNING: firefox has no capability of surrounding-text feature: 'glib warning', file /builds/worker/checkouts/gecko/toolkit/xre/nsSigHandlers.cpp:187

(firefox:11107): IBUS-WARNING **: 19:56:18.426: firefox has no capability of surrounding-text feature
[Parent 11107, Main Thread] WARNING: firefox has no capability of surrounding-text feature: 'glib warning', file /builds/worker/checkouts/gecko/toolkit/xre/nsSigHandlers.cpp:187

(firefox:11107): IBUS-WARNING **: 19:56:18.426: firefox has no capability of surrounding-text feature
[Parent 11107, Main Thread] WARNING: firefox has no capability of surrounding-text feature: 'glib warning', file /builds/worker/checkouts/gecko/toolkit/xre/nsSigHandlers.cpp:187

(firefox:11107): IBUS-WARNING **: 19:56:18.517: firefox has no capability of surrounding-text feature
[Parent 11107, Main Thread] WARNING: firefox has no capability of surrounding-text feature: 'glib warning', file /builds/worker/checkouts/gecko/toolkit/xre/nsSigHandlers.cpp:187

(firefox:11107): IBUS-WARNING **: 19:56:18.518: firefox has no capability of surrounding-text feature
[Parent 11107, Main Thread] WARNING: firefox has no capability of surrounding-text feature: 'glib warning', file /builds/worker/checkouts/gecko/toolkit/xre/nsSigHandlers.cpp:187

(firefox:11107): IBUS-WARNING **: 19:56:18.519: firefox has no capability of surrounding-text feature
[Parent 11107, Main Thread] WARNING: firefox has no capability of surrounding-text feature: 'glib warning', file /builds/worker/checkouts/gecko/toolkit/xre/nsSigHandlers.cpp:187

(firefox:11107): IBUS-WARNING **: 19:56:18.672: firefox has no capability of surrounding-text feature
[Parent 11107, Main Thread] WARNING: firefox has no capability of surrounding-text feature: 'glib warning', file /builds/worker/checkouts/gecko/toolkit/xre/nsSigHandlers.cpp:187

(firefox:11107): IBUS-WARNING **: 19:56:18.845: firefox has no capability of surrounding-text feature
[Parent 11107, Main Thread] WARNING: firefox has no capability of surrounding-text feature: 'glib warning', file /builds/worker/checkouts/gecko/toolkit/xre/nsSigHandlers.cpp:187

(firefox:11107): IBUS-WARNING **: 19:56:19.012: firefox has no capability of surrounding-text feature
[Parent 11107, Main Thread] WARNING: firefox has no capability of surrounding-text feature: 'glib warning', file /builds/worker/checkouts/gecko/toolkit/xre/nsSigHandlers.cpp:187

(firefox:11107): IBUS-WARNING **: 19:56:19.155: firefox has no capability of surrounding-text feature
[Parent 11107, Main Thread] WARNING: firefox has no capability of surrounding-text feature: 'glib warning', file /builds/worker/checkouts/gecko/toolkit/xre/nsSigHandlers.cpp:187

(firefox:11107): IBUS-WARNING **: 19:56:19.212: firefox has no capability of surrounding-text feature
[Parent 11107, Main Thread] WARNING: firefox has no capability of surrounding-text feature: 'glib warning', file /builds/worker/checkouts/gecko/toolkit/xre/nsSigHandlers.cpp:187

(firefox:11107): IBUS-WARNING **: 19:56:19.447: firefox has no capability of surrounding-text feature
[Parent 11107, Main Thread] WARNING: firefox has no capability of surrounding-text feature: 'glib warning', file /builds/worker/checkouts/gecko/toolkit/xre/nsSigHandlers.cpp:187

(firefox:11107): IBUS-WARNING **: 19:56:19.539: firefox has no capability of surrounding-text feature
[Parent 11107, Main Thread] WARNING: firefox has no capability of surrounding-text feature: 'glib warning', file /builds/worker/checkouts/gecko/toolkit/xre/nsSigHandlers.cpp:187

(firefox:11107): IBUS-WARNING **: 19:56:19.601: firefox has no capability of surrounding-text feature
[Parent 11107, Main Thread] WARNING: firefox has no capability of surrounding-text feature: 'glib warning', file /builds/worker/checkouts/gecko/toolkit/xre/nsSigHandlers.cpp:187

(firefox:11107): IBUS-WARNING **: 19:56:19.701: firefox has no capability of surrounding-text feature
[Parent 11107, Main Thread] WARNING: firefox has no capability of surrounding-text feature: 'glib warning', file /builds/worker/checkouts/gecko/toolkit/xre/nsSigHandlers.cpp:187

(firefox:11107): IBUS-WARNING **: 19:56:20.260: firefox has no capability of surrounding-text feature
[Parent 11107, Main Thread] WARNING: firefox has no capability of surrounding-text feature: 'glib warning', file /builds/worker/checkouts/gecko/toolkit/xre/nsSigHandlers.cpp:187

(firefox:11107): IBUS-WARNING **: 19:56:20.317: firefox has no capability of surrounding-text feature
[Parent 11107, Main Thread] WARNING: firefox has no capability of surrounding-text feature: 'glib warning', file /builds/worker/checkouts/gecko/toolkit/xre/nsSigHandlers.cpp:187

(firefox:11107): IBUS-WARNING **: 19:56:20.442: firefox has no capability of surrounding-text feature
[Parent 11107, Main Thread] WARNING: firefox has no capability of surrounding-text feature: 'glib warning', file /builds/worker/checkouts/gecko/toolkit/xre/nsSigHandlers.cpp:187

(firefox:11107): IBUS-WARNING **: 19:56:20.586: firefox has no capability of surrounding-text feature
[Parent 11107, Main Thread] WARNING: firefox has no capability of surrounding-text feature: 'glib warning', file /builds/worker/checkouts/gecko/toolkit/xre/nsSigHandlers.cpp:187

(firefox:11107): IBUS-WARNING **: 19:56:20.732: firefox has no capability of surrounding-text feature
[Parent 11107, Main Thread] WARNING: firefox has no capability of surrounding-text feature: 'glib warning', file /builds/worker/checkouts/gecko/toolkit/xre/nsSigHandlers.cpp:187

(firefox:11107): IBUS-WARNING **: 19:56:20.932: firefox has no capability of surrounding-text feature
[Parent 11107, Main Thread] WARNING: firefox has no capability of surrounding-text feature: 'glib warning', file /builds/worker/checkouts/gecko/toolkit/xre/nsSigHandlers.cpp:187

(firefox:11107): IBUS-WARNING **: 19:56:21.046: firefox has no capability of surrounding-text feature
[Parent 11107, Main Thread] WARNING: firefox has no capability of surrounding-text feature: 'glib warning', file /builds/worker/checkouts/gecko/toolkit/xre/nsSigHandlers.cpp:187

(firefox:11107): IBUS-WARNING **: 19:56:21.074: firefox has no capability of surrounding-text feature
[Parent 11107, Main Thread] WARNING: firefox has no capability of surrounding-text feature: 'glib warning', file /builds/worker/checkouts/gecko/toolkit/xre/nsSigHandlers.cpp:187

(firefox:11107): IBUS-WARNING **: 19:56:21.207: firefox has no capability of surrounding-text feature
[Parent 11107, Main Thread] WARNING: firefox has no capability of surrounding-text feature: 'glib warning', file /builds/worker/checkouts/gecko/toolkit/xre/nsSigHandlers.cpp:187

(firefox:11107): IBUS-WARNING **: 19:56:21.300: firefox has no capability of surrounding-text feature
[Parent 11107, Main Thread] WARNING: firefox has no capability of surrounding-text feature: 'glib warning', file /builds/worker/checkouts/gecko/toolkit/xre/nsSigHandlers.cpp:187

(firefox:11107): IBUS-WARNING **: 19:56:21.429: firefox has no capability of surrounding-text feature
[Parent 11107, Main Thread] WARNING: firefox has no capability of surrounding-text feature: 'glib warning', file /builds/worker/checkouts/gecko/toolkit/xre/nsSigHandlers.cpp:187

(firefox:11107): IBUS-WARNING **: 19:56:21.550: firefox has no capability of surrounding-text feature
[Parent 11107, Main Thread] WARNING: firefox has no capability of surrounding-text feature: 'glib warning', file /builds/worker/checkouts/gecko/toolkit/xre/nsSigHandlers.cpp:187

(firefox:11107): IBUS-WARNING **: 19:56:21.615: firefox has no capability of surrounding-text feature
[Parent 11107, Main Thread] WARNING: firefox has no capability of surrounding-text feature: 'glib warning', file /builds/worker/checkouts/gecko/toolkit/xre/nsSigHandlers.cpp:187

(firefox:11107): IBUS-WARNING **: 19:56:21.861: firefox has no capability of surrounding-text feature
[Parent 11107, Main Thread] WARNING: firefox has no capability of surrounding-text feature: 'glib warning', file /builds/worker/checkouts/gecko/toolkit/xre/nsSigHandlers.cpp:187

(firefox:11107): IBUS-WARNING **: 19:56:22.030: firefox has no capability of surrounding-text feature
[Parent 11107, Main Thread] WARNING: firefox has no capability of surrounding-text feature: 'glib warning', file /builds/worker/checkouts/gecko/toolkit/xre/nsSigHandlers.cpp:187

(firefox:11107): IBUS-WARNING **: 19:56:22.122: firefox has no capability of surrounding-text feature
[Parent 11107, Main Thread] WARNING: firefox has no capability of surrounding-text feature: 'glib warning', file /builds/worker/checkouts/gecko/toolkit/xre/nsSigHandlers.cpp:187

(firefox:11107): IBUS-WARNING **: 19:56:22.176: firefox has no capability of surrounding-text feature
[Parent 11107, Main Thread] WARNING: firefox has no capability of surrounding-text feature: 'glib warning', file /builds/worker/checkouts/gecko/toolkit/xre/nsSigHandlers.cpp:187

(firefox:11107): IBUS-WARNING **: 19:56:22.243: firefox has no capability of surrounding-text feature
[Parent 11107, Main Thread] WARNING: firefox has no capability of surrounding-text feature: 'glib warning', file /builds/worker/checkouts/gecko/toolkit/xre/nsSigHandlers.cpp:187

(firefox:11107): IBUS-WARNING **: 19:56:22.345: firefox has no capability of surrounding-text feature
[Parent 11107, Main Thread] WARNING: firefox has no capability of surrounding-text feature: 'glib warning', file /builds/worker/checkouts/gecko/toolkit/xre/nsSigHandlers.cpp:187

(firefox:11107): IBUS-WARNING **: 19:56:22.546: firefox has no capability of surrounding-text feature
[Parent 11107, Main Thread] WARNING: firefox has no capability of surrounding-text feature: 'glib warning', file /builds/worker/checkouts/gecko/toolkit/xre/nsSigHandlers.cpp:187

(firefox:11107): IBUS-WARNING **: 19:56:22.574: firefox has no capability of surrounding-text feature
[Parent 11107, Main Thread] WARNING: firefox has no capability of surrounding-text feature: 'glib warning', file /builds/worker/checkouts/gecko/toolkit/xre/nsSigHandlers.cpp:187

(firefox:11107): IBUS-WARNING **: 19:56:22.713: firefox has no capability of surrounding-text feature
[Parent 11107, Main Thread] WARNING: firefox has no capability of surrounding-text feature: 'glib warning', file /builds/worker/checkouts/gecko/toolkit/xre/nsSigHandlers.cpp:187

(firefox:11107): IBUS-WARNING **: 19:56:22.780: firefox has no capability of surrounding-text feature
[Parent 11107, Main Thread] WARNING: firefox has no capability of surrounding-text feature: 'glib warning', file /builds/worker/checkouts/gecko/toolkit/xre/nsSigHandlers.cpp:187

(firefox:11107): IBUS-WARNING **: 19:56:22.906: firefox has no capability of surrounding-text feature
[Parent 11107, Main Thread] WARNING: firefox has no capability of surrounding-text feature: 'glib warning', file /builds/worker/checkouts/gecko/toolkit/xre/nsSigHandlers.cpp:187

(firefox:11107): IBUS-WARNING **: 19:56:23.042: firefox has no capability of surrounding-text feature
[Parent 11107, Main Thread] WARNING: firefox has no capability of surrounding-text feature: 'glib warning', file /builds/worker/checkouts/gecko/toolkit/xre/nsSigHandlers.cpp:187

(firefox:11107): IBUS-WARNING **: 19:56:23.194: firefox has no capability of surrounding-text feature
[Parent 11107, Main Thread] WARNING: firefox has no capability of surrounding-text feature: 'glib warning', file /builds/worker/checkouts/gecko/toolkit/xre/nsSigHandlers.cpp:187

(firefox:11107): IBUS-WARNING **: 19:56:23.283: firefox has no capability of surrounding-text feature
[Parent 11107, Main Thread] WARNING: firefox has no capability of surrounding-text feature: 'glib warning', file /builds/worker/checkouts/gecko/toolkit/xre/nsSigHandlers.cpp:187

(firefox:11107): IBUS-WARNING **: 19:56:23.396: firefox has no capability of surrounding-text feature
[Parent 11107, Main Thread] WARNING: firefox has no capability of surrounding-text feature: 'glib warning', file /builds/worker/checkouts/gecko/toolkit/xre/nsSigHandlers.cpp:187

(firefox:11107): IBUS-WARNING **: 19:56:23.485: firefox has no capability of surrounding-text feature
[Parent 11107, Main Thread] WARNING: firefox has no capability of surrounding-text feature: 'glib warning', file /builds/worker/checkouts/gecko/toolkit/xre/nsSigHandlers.cpp:187

(firefox:11107): IBUS-WARNING **: 19:56:23.606: firefox has no capability of surrounding-text feature
[Parent 11107, Main Thread] WARNING: firefox has no capability of surrounding-text feature: 'glib warning', file /builds/worker/checkouts/gecko/toolkit/xre/nsSigHandlers.cpp:187

(firefox:11107): IBUS-WARNING **: 19:56:23.874: firefox has no capability of surrounding-text feature
[Parent 11107, Main Thread] WARNING: firefox has no capability of surrounding-text feature: 'glib warning', file /builds/worker/checkouts/gecko/toolkit/xre/nsSigHandlers.cpp:187

(firefox:11107): IBUS-WARNING **: 19:56:23.943: firefox has no capability of surrounding-text feature
[Parent 11107, Main Thread] WARNING: firefox has no capability of surrounding-text feature: 'glib warning', file /builds/worker/checkouts/gecko/toolkit/xre/nsSigHandlers.cpp:187

(firefox:11107): IBUS-WARNING **: 19:56:24.101: firefox has no capability of surrounding-text feature
[Parent 11107, Main Thread] WARNING: firefox has no capability of surrounding-text feature: 'glib warning', file /builds/worker/checkouts/gecko/toolkit/xre/nsSigHandlers.cpp:187

(firefox:11107): IBUS-WARNING **: 19:56:24.273: firefox has no capability of surrounding-text feature
[Parent 11107, Main Thread] WARNING: firefox has no capability of surrounding-text feature: 'glib warning', file /builds/worker/checkouts/gecko/toolkit/xre/nsSigHandlers.cpp:187

(firefox:11107): IBUS-WARNING **: 19:56:24.449: firefox has no capability of surrounding-text feature
[Parent 11107, Main Thread] WARNING: firefox has no capability of surrounding-text feature: 'glib warning', file /builds/worker/checkouts/gecko/toolkit/xre/nsSigHandlers.cpp:187

(firefox:11107): IBUS-WARNING **: 19:56:24.545: firefox has no capability of surrounding-text feature
[Parent 11107, Main Thread] WARNING: firefox has no capability of surrounding-text feature: 'glib warning', file /builds/worker/checkouts/gecko/toolkit/xre/nsSigHandlers.cpp:187

(firefox:11107): IBUS-WARNING **: 19:56:24.618: firefox has no capability of surrounding-text feature
[Parent 11107, Main Thread] WARNING: firefox has no capability of surrounding-text feature: 'glib warning', file /builds/worker/checkouts/gecko/toolkit/xre/nsSigHandlers.cpp:187

(firefox:11107): IBUS-WARNING **: 19:56:24.773: firefox has no capability of surrounding-text feature
[Parent 11107, Main Thread] WARNING: firefox has no capability of surrounding-text feature: 'glib warning', file /builds/worker/checkouts/gecko/toolkit/xre/nsSigHandlers.cpp:187

(firefox:11107): IBUS-WARNING **: 19:56:26.100: firefox has no capability of surrounding-text feature
[Parent 11107, Main Thread] WARNING: firefox has no capability of surrounding-text feature: 'glib warning', file /builds/worker/checkouts/gecko/toolkit/xre/nsSigHandlers.cpp:187

(firefox:11107): IBUS-WARNING **: 19:56:26.144: firefox has no capability of surrounding-text feature
[Parent 11107, Main Thread] WARNING: firefox has no capability of surrounding-text feature: 'glib warning', file /builds/worker/checkouts/gecko/toolkit/xre/nsSigHandlers.cpp:187

(firefox:11107): IBUS-WARNING **: 19:56:26.400: firefox has no capability of surrounding-text feature
[Parent 11107, Main Thread] WARNING: firefox has no capability of surrounding-text feature: 'glib warning', file /builds/worker/checkouts/gecko/toolkit/xre/nsSigHandlers.cpp:187

(firefox:11107): IBUS-WARNING **: 19:56:26.496: firefox has no capability of surrounding-text feature
[Parent 11107, Main Thread] WARNING: firefox has no capability of surrounding-text feature: 'glib warning', file /builds/worker/checkouts/gecko/toolkit/xre/nsSigHandlers.cpp:187

(firefox:11107): IBUS-WARNING **: 19:56:26.580: firefox has no capability of surrounding-text feature
[Parent 11107, Main Thread] WARNING: firefox has no capability of surrounding-text feature: 'glib warning', file /builds/worker/checkouts/gecko/toolkit/xre/nsSigHandlers.cpp:187

(firefox:11107): IBUS-WARNING **: 19:56:26.658: firefox has no capability of surrounding-text feature
[Parent 11107, Main Thread] WARNING: firefox has no capability of surrounding-text feature: 'glib warning', file /builds/worker/checkouts/gecko/toolkit/xre/nsSigHandlers.cpp:187

(firefox:11107): IBUS-WARNING **: 19:56:26.837: firefox has no capability of surrounding-text feature
[Parent 11107, Main Thread] WARNING: firefox has no capability of surrounding-text feature: 'glib warning', file /builds/worker/checkouts/gecko/toolkit/xre/nsSigHandlers.cpp:187

(firefox:11107): IBUS-WARNING **: 19:56:26.837: firefox has no capability of surrounding-text feature
[Parent 11107, Main Thread] WARNING: firefox has no capability of surrounding-text feature: 'glib warning', file /builds/worker/checkouts/gecko/toolkit/xre/nsSigHandlers.cpp:187

(firefox:11107): IBUS-WARNING **: 19:56:26.839: firefox has no capability of surrounding-text feature
[Parent 11107, Main Thread] WARNING: firefox has no capability of surrounding-text feature: 'glib warning', file /builds/worker/checkouts/gecko/toolkit/xre/nsSigHandlers.cpp:187

(firefox:11107): IBUS-WARNING **: 19:56:26.984: firefox has no capability of surrounding-text feature
[Parent 11107, Main Thread] WARNING: firefox has no capability of surrounding-text feature: 'glib warning', file /builds/worker/checkouts/gecko/toolkit/xre/nsSigHandlers.cpp:187

(firefox:11107): IBUS-WARNING **: 19:56:27.044: firefox has no capability of surrounding-text feature
[Parent 11107, Main Thread] WARNING: firefox has no capability of surrounding-text feature: 'glib warning', file /builds/worker/checkouts/gecko/toolkit/xre/nsSigHandlers.cpp:187

(firefox:11107): IBUS-WARNING **: 19:56:27.134: firefox has no capability of surrounding-text feature
[Parent 11107, Main Thread] WARNING: firefox has no capability of surrounding-text feature: 'glib warning', file /builds/worker/checkouts/gecko/toolkit/xre/nsSigHandlers.cpp:187

(firefox:11107): IBUS-WARNING **: 19:56:28.287: firefox has no capability of surrounding-text feature
[Parent 11107, Main Thread] WARNING: firefox has no capability of surrounding-text feature: 'glib warning', file /builds/worker/checkouts/gecko/toolkit/xre/nsSigHandlers.cpp:187

(firefox:11107): IBUS-WARNING **: 19:56:28.386: firefox has no capability of surrounding-text feature
[Parent 11107, Main Thread] WARNING: firefox has no capability of surrounding-text feature: 'glib warning', file /builds/worker/checkouts/gecko/toolkit/xre/nsSigHandlers.cpp:187

(firefox:11107): IBUS-WARNING **: 19:56:28.551: firefox has no capability of surrounding-text feature
[Parent 11107, Main Thread] WARNING: firefox has no capability of surrounding-text feature: 'glib warning', file /builds/worker/checkouts/gecko/toolkit/xre/nsSigHandlers.cpp:187

(firefox:11107): IBUS-WARNING **: 19:56:28.746: firefox has no capability of surrounding-text feature
[Parent 11107, Main Thread] WARNING: firefox has no capability of surrounding-text feature: 'glib warning', file /builds/worker/checkouts/gecko/toolkit/xre/nsSigHandlers.cpp:187

(firefox:11107): IBUS-WARNING **: 19:56:28.901: firefox has no capability of surrounding-text feature
[Parent 11107, Main Thread] WARNING: firefox has no capability of surrounding-text feature: 'glib warning', file /builds/worker/checkouts/gecko/toolkit/xre/nsSigHandlers.cpp:187

(firefox:11107): IBUS-WARNING **: 19:56:29.065: firefox has no capability of surrounding-text feature
[Parent 11107, Main Thread] WARNING: firefox has no capability of surrounding-text feature: 'glib warning', file /builds/worker/checkouts/gecko/toolkit/xre/nsSigHandlers.cpp:187

(firefox:11107): IBUS-WARNING **: 19:56:29.313: firefox has no capability of surrounding-text feature
[Parent 11107, Main Thread] WARNING: firefox has no capability of surrounding-text feature: 'glib warning', file /builds/worker/checkouts/gecko/toolkit/xre/nsSigHandlers.cpp:187

(firefox:11107): IBUS-WARNING **: 19:56:29.404: firefox has no capability of surrounding-text feature
[Parent 11107, Main Thread] WARNING: firefox has no capability of surrounding-text feature: 'glib warning', file /builds/worker/checkouts/gecko/toolkit/xre/nsSigHandlers.cpp:187

(firefox:11107): IBUS-WARNING **: 19:56:29.421: firefox has no capability of surrounding-text feature
[Parent 11107, Main Thread] WARNING: firefox has no capability of surrounding-text feature: 'glib warning', file /builds/worker/checkouts/gecko/toolkit/xre/nsSigHandlers.cpp:187

(firefox:11107): IBUS-WARNING **: 19:56:29.530: firefox has no capability of surrounding-text feature
[Parent 11107, Main Thread] WARNING: firefox has no capability of surrounding-text feature: 'glib warning', file /builds/worker/checkouts/gecko/toolkit/xre/nsSigHandlers.cpp:187

(firefox:11107): IBUS-WARNING **: 19:56:29.581: firefox has no capability of surrounding-text feature
[Parent 11107, Main Thread] WARNING: firefox has no capability of surrounding-text feature: 'glib warning', file /builds/worker/checkouts/gecko/toolkit/xre/nsSigHandlers.cpp:187

(firefox:11107): IBUS-WARNING **: 19:56:29.770: firefox has no capability of surrounding-text feature
[Parent 11107, Main Thread] WARNING: firefox has no capability of surrounding-text feature: 'glib warning', file /builds/worker/checkouts/gecko/toolkit/xre/nsSigHandlers.cpp:187

(firefox:11107): IBUS-WARNING **: 19:56:29.953: firefox has no capability of surrounding-text feature
[Parent 11107, Main Thread] WARNING: firefox has no capability of surrounding-text feature: 'glib warning', file /builds/worker/checkouts/gecko/toolkit/xre/nsSigHandlers.cpp:187

(firefox:11107): IBUS-WARNING **: 19:56:30.045: firefox has no capability of surrounding-text feature
libva info: VA-API version 1.14.0
libva info: Trying to open /usr/lib/x86_64-linux-gnu/dri/iHD_drv_video.so
libva info: Found init function __vaDriverInit_1_14
libva info: va_openDriver() returns 0
[Parent 11107, Main Thread] WARNING: firefox has no capability of surrounding-text feature: 'glib warning', file /builds/worker/checkouts/gecko/toolkit/xre/nsSigHandlers.cpp:187

(firefox:11107): IBUS-WARNING **: 21:10:25.364: firefox has no capability of surrounding-text feature
[Parent 11107, Main Thread] WARNING: firefox has no capability of surrounding-text feature: 'glib warning', file /builds/worker/checkouts/gecko/toolkit/xre/nsSigHandlers.cpp:187

(firefox:11107): IBUS-WARNING **: 21:10:25.410: firefox has no capability of surrounding-text feature
[Parent 11107, Main Thread] WARNING: firefox has no capability of surrounding-text feature: 'glib warning', file /builds/worker/checkouts/gecko/toolkit/xre/nsSigHandlers.cpp:187

(firefox:11107): IBUS-WARNING **: 21:10:25.620: firefox has no capability of surrounding-text feature
[Parent 11107, Main Thread] WARNING: firefox has no capability of surrounding-text feature: 'glib warning', file /builds/worker/checkouts/gecko/toolkit/xre/nsSigHandlers.cpp:187

(firefox:11107): IBUS-WARNING **: 21:10:25.873: firefox has no capability of surrounding-text feature
[Parent 11107, Main Thread] WARNING: firefox has no capability of surrounding-text feature: 'glib warning', file /builds/worker/checkouts/gecko/toolkit/xre/nsSigHandlers.cpp:187

(firefox:11107): IBUS-WARNING **: 21:10:25.919: firefox has no capability of surrounding-text feature
[Parent 11107, Main Thread] WARNING: firefox has no capability of surrounding-text feature: 'glib warning', file /builds/worker/checkouts/gecko/toolkit/xre/nsSigHandlers.cpp:187

(firefox:11107): IBUS-WARNING **: 21:12:22.714: firefox has no capability of surrounding-text feature
[Parent 11107, Main Thread] WARNING: firefox has no capability of surrounding-text feature: 'glib warning', file /builds/worker/checkouts/gecko/toolkit/xre/nsSigHandlers.cpp:187

(firefox:11107): IBUS-WARNING **: 21:12:22.784: firefox has no capability of surrounding-text feature
[Parent 11107, Main Thread] WARNING: firefox has no capability of surrounding-text feature: 'glib warning', file /builds/worker/checkouts/gecko/toolkit/xre/nsSigHandlers.cpp:187

(firefox:11107): IBUS-WARNING **: 21:12:23.480: firefox has no capability of surrounding-text feature
[Parent 11107, Main Thread] WARNING: firefox has no capability of surrounding-text feature: 'glib warning', file /builds/worker/checkouts/gecko/toolkit/xre/nsSigHandlers.cpp:187

(firefox:11107): IBUS-WARNING **: 21:12:23.609: firefox has no capability of surrounding-text feature
[Parent 11107, Main Thread] WARNING: firefox has no capability of surrounding-text feature: 'glib warning', file /builds/worker/checkouts/gecko/toolkit/xre/nsSigHandlers.cpp:187

(firefox:11107): IBUS-WARNING **: 21:12:23.820: firefox has no capability of surrounding-text feature
[Parent 11107, Main Thread] WARNING: firefox has no capability of surrounding-text feature: 'glib warning', file /builds/worker/checkouts/gecko/toolkit/xre/nsSigHandlers.cpp:187

(firefox:11107): IBUS-WARNING **: 21:12:24.011: firefox has no capability of surrounding-text feature
[Parent 11107, Main Thread] WARNING: firefox has no capability of surrounding-text feature: 'glib warning', file /builds/worker/checkouts/gecko/toolkit/xre/nsSigHandlers.cpp:187

(firefox:11107): IBUS-WARNING **: 21:12:24.180: firefox has no capability of surrounding-text feature
[Parent 11107, Main Thread] WARNING: firefox has no capability of surrounding-text feature: 'glib warning', file /builds/worker/checkouts/gecko/toolkit/xre/nsSigHandlers.cpp:187

(firefox:11107): IBUS-WARNING **: 21:12:24.264: firefox has no capability of surrounding-text feature
[Parent 11107, Main Thread] WARNING: firefox has no capability of surrounding-text feature: 'glib warning', file /builds/worker/checkouts/gecko/toolkit/xre/nsSigHandlers.cpp:187

(firefox:11107): IBUS-WARNING **: 21:12:24.392: firefox has no capability of surrounding-text feature
[Parent 11107, Main Thread] WARNING: firefox has no capability of surrounding-text feature: 'glib warning', file /builds/worker/checkouts/gecko/toolkit/xre/nsSigHandlers.cpp:187

(firefox:11107): IBUS-WARNING **: 21:12:24.667: firefox has no capability of surrounding-text feature
[Parent 11107, Main Thread] WARNING: firefox has no capability of surrounding-text feature: 'glib warning', file /builds/worker/checkouts/gecko/toolkit/xre/nsSigHandlers.cpp:187

(firefox:11107): IBUS-WARNING **: 21:12:24.711: firefox has no capability of surrounding-text feature
[Parent 11107, Main Thread] WARNING: firefox has no capability of surrounding-text feature: 'glib warning', file /builds/worker/checkouts/gecko/toolkit/xre/nsSigHandlers.cpp:187

(firefox:11107): IBUS-WARNING **: 21:12:24.882: firefox has no capability of surrounding-text feature
[Parent 11107, Main Thread] WARNING: firefox has no capability of surrounding-text feature: 'glib warning', file /builds/worker/checkouts/gecko/toolkit/xre/nsSigHandlers.cpp:187

(firefox:11107): IBUS-WARNING **: 21:12:25.112: firefox has no capability of surrounding-text feature
[Parent 11107, Main Thread] WARNING: firefox has no capability of surrounding-text feature: 'glib warning', file /builds/worker/checkouts/gecko/toolkit/xre/nsSigHandlers.cpp:187

(firefox:11107): IBUS-WARNING **: 21:12:25.204: firefox has no capability of surrounding-text feature
[Parent 11107, Main Thread] WARNING: firefox has no capability of surrounding-text feature: 'glib warning', file /builds/worker/checkouts/gecko/toolkit/xre/nsSigHandlers.cpp:187

(firefox:11107): IBUS-WARNING **: 21:12:25.283: firefox has no capability of surrounding-text feature
[Parent 11107, Main Thread] WARNING: firefox has no capability of surrounding-text feature: 'glib warning', file /builds/worker/checkouts/gecko/toolkit/xre/nsSigHandlers.cpp:187

(firefox:11107): IBUS-WARNING **: 21:12:25.453: firefox has no capability of surrounding-text feature
[Parent 11107, Main Thread] WARNING: firefox has no capability of surrounding-text feature: 'glib warning', file /builds/worker/checkouts/gecko/toolkit/xre/nsSigHandlers.cpp:187

(firefox:11107): IBUS-WARNING **: 21:12:25.623: firefox has no capability of surrounding-text feature
[Parent 11107, Main Thread] WARNING: firefox has no capability of surrounding-text feature: 'glib warning', file /builds/worker/checkouts/gecko/toolkit/xre/nsSigHandlers.cpp:187

(firefox:11107): IBUS-WARNING **: 21:12:25.791: firefox has no capability of surrounding-text feature
[Parent 11107, Main Thread] WARNING: firefox has no capability of surrounding-text feature: 'glib warning', file /builds/worker/checkouts/gecko/toolkit/xre/nsSigHandlers.cpp:187

(firefox:11107): IBUS-WARNING **: 21:12:25.898: firefox has no capability of surrounding-text feature
[Parent 11107, Main Thread] WARNING: firefox has no capability of surrounding-text feature: 'glib warning', file /builds/worker/checkouts/gecko/toolkit/xre/nsSigHandlers.cpp:187

(firefox:11107): IBUS-WARNING **: 21:12:26.089: firefox has no capability of surrounding-text feature
[Parent 11107, Main Thread] WARNING: firefox has no capability of surrounding-text feature: 'glib warning', file /builds/worker/checkouts/gecko/toolkit/xre/nsSigHandlers.cpp:187

(firefox:11107): IBUS-WARNING **: 21:12:26.131: firefox has no capability of surrounding-text feature
[Parent 11107, Main Thread] WARNING: firefox has no capability of surrounding-text feature: 'glib warning', file /builds/worker/checkouts/gecko/toolkit/xre/nsSigHandlers.cpp:187

(firefox:11107): IBUS-WARNING **: 21:12:26.281: firefox has no capability of surrounding-text feature
[Parent 11107, Main Thread] WARNING: firefox has no capability of surrounding-text feature: 'glib warning', file /builds/worker/checkouts/gecko/toolkit/xre/nsSigHandlers.cpp:187

(firefox:11107): IBUS-WARNING **: 21:12:26.405: firefox has no capability of surrounding-text feature
[Parent 11107, Main Thread] WARNING: firefox has no capability of surrounding-text feature: 'glib warning', file /builds/worker/checkouts/gecko/toolkit/xre/nsSigHandlers.cpp:187

(firefox:11107): IBUS-WARNING **: 21:12:26.405: firefox has no capability of surrounding-text feature
[Parent 11107, Main Thread] WARNING: firefox has no capability of surrounding-text feature: 'glib warning', file /builds/worker/checkouts/gecko/toolkit/xre/nsSigHandlers.cpp:187

(firefox:11107): IBUS-WARNING **: 21:12:29.996: firefox has no capability of surrounding-text feature
[Parent 11107, Main Thread] WARNING: firefox has no capability of surrounding-text feature: 'glib warning', file /builds/worker/checkouts/gecko/toolkit/xre/nsSigHandlers.cpp:187

(firefox:11107): IBUS-WARNING **: 21:12:30.993: firefox has no capability of surrounding-text feature
[Parent 11107, Main Thread] WARNING: firefox has no capability of surrounding-text feature: 'glib warning', file /builds/worker/checkouts/gecko/toolkit/xre/nsSigHandlers.cpp:187

(firefox:11107): IBUS-WARNING **: 21:12:31.078: firefox has no capability of surrounding-text feature
[Parent 11107, Main Thread] WARNING: firefox has no capability of surrounding-text feature: 'glib warning', file /builds/worker/checkouts/gecko/toolkit/xre/nsSigHandlers.cpp:187

(firefox:11107): IBUS-WARNING **: 21:12:31.290: firefox has no capability of surrounding-text feature
[Parent 11107, Main Thread] WARNING: firefox has no capability of surrounding-text feature: 'glib warning', file /builds/worker/checkouts/gecko/toolkit/xre/nsSigHandlers.cpp:187

(firefox:11107): IBUS-WARNING **: 21:12:31.858: firefox has no capability of surrounding-text feature
[Parent 11107, Main Thread] WARNING: firefox has no capability of surrounding-text feature: 'glib warning', file /builds/worker/checkouts/gecko/toolkit/xre/nsSigHandlers.cpp:187

(firefox:11107): IBUS-WARNING **: 21:12:32.049: firefox has no capability of surrounding-text feature
[Parent 11107, Main Thread] WARNING: firefox has no capability of surrounding-text feature: 'glib warning', file /builds/worker/checkouts/gecko/toolkit/xre/nsSigHandlers.cpp:187

(firefox:11107): IBUS-WARNING **: 21:12:32.135: firefox has no capability of surrounding-text feature
[Parent 11107, Main Thread] WARNING: firefox has no capability of surrounding-text feature: 'glib warning', file /builds/worker/checkouts/gecko/toolkit/xre/nsSigHandlers.cpp:187

(firefox:11107): IBUS-WARNING **: 21:12:32.282: firefox has no capability of surrounding-text feature
[Parent 11107, Main Thread] WARNING: firefox has no capability of surrounding-text feature: 'glib warning', file /builds/worker/checkouts/gecko/toolkit/xre/nsSigHandlers.cpp:187

(firefox:11107): IBUS-WARNING **: 21:12:32.388: firefox has no capability of surrounding-text feature
[Parent 11107, Main Thread] WARNING: firefox has no capability of surrounding-text feature: 'glib warning', file /builds/worker/checkouts/gecko/toolkit/xre/nsSigHandlers.cpp:187

(firefox:11107): IBUS-WARNING **: 21:12:32.599: firefox has no capability of surrounding-text feature
[Parent 11107, Main Thread] WARNING: firefox has no capability of surrounding-text feature: 'glib warning', file /builds/worker/checkouts/gecko/toolkit/xre/nsSigHandlers.cpp:187

(firefox:11107): IBUS-WARNING **: 21:12:32.690: firefox has no capability of surrounding-text feature
[Parent 11107, Main Thread] WARNING: firefox has no capability of surrounding-text feature: 'glib warning', file /builds/worker/checkouts/gecko/toolkit/xre/nsSigHandlers.cpp:187

(firefox:11107): IBUS-WARNING **: 21:12:32.750: firefox has no capability of surrounding-text feature
[Parent 11107, Main Thread] WARNING: firefox has no capability of surrounding-text feature: 'glib warning', file /builds/worker/checkouts/gecko/toolkit/xre/nsSigHandlers.cpp:187

(firefox:11107): IBUS-WARNING **: 21:12:32.941: firefox has no capability of surrounding-text feature
[Parent 11107, Main Thread] WARNING: firefox has no capability of surrounding-text feature: 'glib warning', file /builds/worker/checkouts/gecko/toolkit/xre/nsSigHandlers.cpp:187

(firefox:11107): IBUS-WARNING **: 21:12:33.089: firefox has no capability of surrounding-text feature
[Parent 11107, Main Thread] WARNING: firefox has no capability of surrounding-text feature: 'glib warning', file /builds/worker/checkouts/gecko/toolkit/xre/nsSigHandlers.cpp:187

(firefox:11107): IBUS-WARNING **: 21:12:33.131: firefox has no capability of surrounding-text feature
[Parent 11107, Main Thread] WARNING: firefox has no capability of surrounding-text feature: 'glib warning', file /builds/worker/checkouts/gecko/toolkit/xre/nsSigHandlers.cpp:187

(firefox:11107): IBUS-WARNING **: 21:12:33.261: firefox has no capability of surrounding-text feature
[Parent 11107, Main Thread] WARNING: firefox has no capability of surrounding-text feature: 'glib warning', file /builds/worker/checkouts/gecko/toolkit/xre/nsSigHandlers.cpp:187

(firefox:11107): IBUS-WARNING **: 21:12:33.573: firefox has no capability of surrounding-text feature
[Parent 11107, Main Thread] WARNING: firefox has no capability of surrounding-text feature: 'glib warning', file /builds/worker/checkouts/gecko/toolkit/xre/nsSigHandlers.cpp:187

(firefox:11107): IBUS-WARNING **: 21:12:34.861: firefox has no capability of surrounding-text feature
[Parent 11107, Main Thread] WARNING: firefox has no capability of surrounding-text feature: 'glib warning', file /builds/worker/checkouts/gecko/toolkit/xre/nsSigHandlers.cpp:187

(firefox:11107): IBUS-WARNING **: 21:12:35.031: firefox has no capability of surrounding-text feature
[Parent 11107, Main Thread] WARNING: firefox has no capability of surrounding-text feature: 'glib warning', file /builds/worker/checkouts/gecko/toolkit/xre/nsSigHandlers.cpp:187

(firefox:11107): IBUS-WARNING **: 21:12:35.202: firefox has no capability of surrounding-text feature
[Parent 11107, Main Thread] WARNING: firefox has no capability of surrounding-text feature: 'glib warning', file /builds/worker/checkouts/gecko/toolkit/xre/nsSigHandlers.cpp:187

(firefox:11107): IBUS-WARNING **: 21:12:35.305: firefox has no capability of surrounding-text feature
[Parent 11107, Main Thread] WARNING: firefox has no capability of surrounding-text feature: 'glib warning', file /builds/worker/checkouts/gecko/toolkit/xre/nsSigHandlers.cpp:187

(firefox:11107): IBUS-WARNING **: 21:12:35.412: firefox has no capability of surrounding-text feature
[Parent 11107, Main Thread] WARNING: firefox has no capability of surrounding-text feature: 'glib warning', file /builds/worker/checkouts/gecko/toolkit/xre/nsSigHandlers.cpp:187

(firefox:11107): IBUS-WARNING **: 21:12:36.108: firefox has no capability of surrounding-text feature
[Parent 11107, Main Thread] WARNING: firefox has no capability of surrounding-text feature: 'glib warning', file /builds/worker/checkouts/gecko/toolkit/xre/nsSigHandlers.cpp:187

(firefox:11107): IBUS-WARNING **: 21:12:36.216: firefox has no capability of surrounding-text feature
[Parent 11107, Main Thread] WARNING: firefox has no capability of surrounding-text feature: 'glib warning', file /builds/worker/checkouts/gecko/toolkit/xre/nsSigHandlers.cpp:187

(firefox:11107): IBUS-WARNING **: 21:12:36.384: firefox has no capability of surrounding-text feature
[Parent 11107, Main Thread] WARNING: firefox has no capability of surrounding-text feature: 'glib warning', file /builds/worker/checkouts/gecko/toolkit/xre/nsSigHandlers.cpp:187

(firefox:11107): IBUS-WARNING **: 21:12:36.491: firefox has no capability of surrounding-text feature
[Parent 11107, Main Thread] WARNING: firefox has no capability of surrounding-text feature: 'glib warning', file /builds/worker/checkouts/gecko/toolkit/xre/nsSigHandlers.cpp:187

(firefox:11107): IBUS-WARNING **: 21:12:36.597: firefox has no capability of surrounding-text feature
[Parent 11107, Main Thread] WARNING: firefox has no capability of surrounding-text feature: 'glib warning', file /builds/worker/checkouts/gecko/toolkit/xre/nsSigHandlers.cpp:187

(firefox:11107): IBUS-WARNING **: 21:12:36.681: firefox has no capability of surrounding-text feature
[Parent 11107, Main Thread] WARNING: firefox has no capability of surrounding-text feature: 'glib warning', file /builds/worker/checkouts/gecko/toolkit/xre/nsSigHandlers.cpp:187

(firefox:11107): IBUS-WARNING **: 21:12:36.789: firefox has no capability of surrounding-text feature
[Parent 11107, Main Thread] WARNING: firefox has no capability of surrounding-text feature: 'glib warning', file /builds/worker/checkouts/gecko/toolkit/xre/nsSigHandlers.cpp:187

(firefox:11107): IBUS-WARNING **: 21:12:36.916: firefox has no capability of surrounding-text feature
[Parent 11107, Main Thread] WARNING: firefox has no capability of surrounding-text feature: 'glib warning', file /builds/worker/checkouts/gecko/toolkit/xre/nsSigHandlers.cpp:187

(firefox:11107): IBUS-WARNING **: 21:12:37.007: firefox has no capability of surrounding-text feature
[Parent 11107, Main Thread] WARNING: firefox has no capability of surrounding-text feature: 'glib warning', file /builds/worker/checkouts/gecko/toolkit/xre/nsSigHandlers.cpp:187

(firefox:11107): IBUS-WARNING **: 21:12:37.065: firefox has no capability of surrounding-text feature
[Parent 11107, Main Thread] WARNING: firefox has no capability of surrounding-text feature: 'glib warning', file /builds/worker/checkouts/gecko/toolkit/xre/nsSigHandlers.cpp:187

(firefox:11107): IBUS-WARNING **: 21:12:37.173: firefox has no capability of surrounding-text feature
[Parent 11107, Main Thread] WARNING: firefox has no capability of surrounding-text feature: 'glib warning', file /builds/worker/checkouts/gecko/toolkit/xre/nsSigHandlers.cpp:187

(firefox:11107): IBUS-WARNING **: 21:12:37.255: firefox has no capability of surrounding-text feature
[Parent 11107, Main Thread] WARNING: firefox has no capability of surrounding-text feature: 'glib warning', file /builds/worker/checkouts/gecko/toolkit/xre/nsSigHandlers.cpp:187

(firefox:11107): IBUS-WARNING **: 21:12:37.320: firefox has no capability of surrounding-text feature
[Parent 11107, Main Thread] WARNING: firefox has no capability of surrounding-text feature: 'glib warning', file /builds/worker/checkouts/gecko/toolkit/xre/nsSigHandlers.cpp:187

(firefox:11107): IBUS-WARNING **: 21:12:37.320: firefox has no capability of surrounding-text feature
[Parent 11107, Main Thread] WARNING: firefox has no capability of surrounding-text feature: 'glib warning', file /builds/worker/checkouts/gecko/toolkit/xre/nsSigHandlers.cpp:187

(firefox:11107): IBUS-WARNING **: 21:12:37.426: firefox has no capability of surrounding-text feature
[Parent 11107, Main Thread] WARNING: firefox has no capability of surrounding-text feature: 'glib warning', file /builds/worker/checkouts/gecko/toolkit/xre/nsSigHandlers.cpp:187

(firefox:11107): IBUS-WARNING **: 21:12:38.417: firefox has no capability of surrounding-text feature
[Parent 11107, Main Thread] WARNING: firefox has no capability of surrounding-text feature: 'glib warning', file /builds/worker/checkouts/gecko/toolkit/xre/nsSigHandlers.cpp:187

(firefox:11107): IBUS-WARNING **: 21:12:38.524: firefox has no capability of surrounding-text feature
[Parent 11107, Main Thread] WARNING: firefox has no capability of surrounding-text feature: 'glib warning', file /builds/worker/checkouts/gecko/toolkit/xre/nsSigHandlers.cpp:187

(firefox:11107): IBUS-WARNING **: 21:12:38.757: firefox has no capability of surrounding-text feature
[Parent 11107, Main Thread] WARNING: firefox has no capability of surrounding-text feature: 'glib warning', file /builds/worker/checkouts/gecko/toolkit/xre/nsSigHandlers.cpp:187

(firefox:11107): IBUS-WARNING **: 21:12:39.009: firefox has no capability of surrounding-text feature
[Parent 11107, Main Thread] WARNING: firefox has no capability of surrounding-text feature: 'glib warning', file /builds/worker/checkouts/gecko/toolkit/xre/nsSigHandlers.cpp:187

(firefox:11107): IBUS-WARNING **: 21:12:39.096: firefox has no capability of surrounding-text feature
[Parent 11107, Main Thread] WARNING: firefox has no capability of surrounding-text feature: 'glib warning', file /builds/worker/checkouts/gecko/toolkit/xre/nsSigHandlers.cpp:187

(firefox:11107): IBUS-WARNING **: 21:12:39.877: firefox has no capability of surrounding-text feature
[Parent 11107, Main Thread] WARNING: firefox has no capability of surrounding-text feature: 'glib warning', file /builds/worker/checkouts/gecko/toolkit/xre/nsSigHandlers.cpp:187

(firefox:11107): IBUS-WARNING **: 21:12:39.985: firefox has no capability of surrounding-text feature
[Parent 11107, Main Thread] WARNING: firefox has no capability of surrounding-text feature: 'glib warning', file /builds/worker/checkouts/gecko/toolkit/xre/nsSigHandlers.cpp:187

(firefox:11107): IBUS-WARNING **: 21:12:40.154: firefox has no capability of surrounding-text feature
[Parent 11107, Main Thread] WARNING: firefox has no capability of surrounding-text feature: 'glib warning', file /builds/worker/checkouts/gecko/toolkit/xre/nsSigHandlers.cpp:187

(firefox:11107): IBUS-WARNING **: 21:12:40.255: firefox has no capability of surrounding-text feature
[Parent 11107, Main Thread] WARNING: firefox has no capability of surrounding-text feature: 'glib warning', file /builds/worker/checkouts/gecko/toolkit/xre/nsSigHandlers.cpp:187

(firefox:11107): IBUS-WARNING **: 21:12:40.302: firefox has no capability of surrounding-text feature
[Parent 11107, Main Thread] WARNING: firefox has no capability of surrounding-text feature: 'glib warning', file /builds/worker/checkouts/gecko/toolkit/xre/nsSigHandlers.cpp:187

(firefox:11107): IBUS-WARNING **: 21:12:40.472: firefox has no capability of surrounding-text feature
[Parent 11107, Main Thread] WARNING: firefox has no capability of surrounding-text feature: 'glib warning', file /builds/worker/checkouts/gecko/toolkit/xre/nsSigHandlers.cpp:187

(firefox:11107): IBUS-WARNING **: 21:12:40.642: firefox has no capability of surrounding-text feature
[Parent 11107, Main Thread] WARNING: firefox has no capability of surrounding-text feature: 'glib warning', file /builds/worker/checkouts/gecko/toolkit/xre/nsSigHandlers.cpp:187

(firefox:11107): IBUS-WARNING **: 21:12:40.683: firefox has no capability of surrounding-text feature
[Parent 11107, Main Thread] WARNING: firefox has no capability of surrounding-text feature: 'glib warning', file /builds/worker/checkouts/gecko/toolkit/xre/nsSigHandlers.cpp:187

(firefox:11107): IBUS-WARNING **: 21:12:40.791: firefox has no capability of surrounding-text feature
[Parent 11107, Main Thread] WARNING: firefox has no capability of surrounding-text feature: 'glib warning', file /builds/worker/checkouts/gecko/toolkit/xre/nsSigHandlers.cpp:187

(firefox:11107): IBUS-WARNING **: 21:13:18.901: firefox has no capability of surrounding-text feature
libva info: VA-API version 1.14.0
libva info: Trying to open /usr/lib/x86_64-linux-gnu/dri/iHD_drv_video.so
libva info: Found init function __vaDriverInit_1_14
libva info: va_openDriver() returns 0
